<?xml version="1.0" encoding="UTF-8" standalone="yes"?>
<employee id="100">
    <name>mkyong</name>
    <role>extruder</role>
</employee>
